2025-07-16 18:14:14,780 - INFO - Начало экспорта данных
2025-07-16 18:14:14,840 - INFO - Экспорт завершен. Файл: f101_export_20250716_181414.csv
2025-07-16 18:14:14,840 - INFO - Выгружено строк: 18
2025-07-16 18:19:33,163 - ERROR - Файл не найден: C:3456
2025-07-16 18:19:50,945 - ERROR - Файл не найден: "C:\Users\Giovanno\Desktop\DE\Project 1\1.4\f101_export_20250716_181414.csv"
2025-07-16 18:20:06,720 - INFO - Начало импорта из файла: C:\Users\Giovanno\Desktop\DE\Project 1\1.4\f101_export_20250716_181414.csv
2025-07-16 18:20:06,768 - ERROR - Ошибка при импорте: invalid literal for int() with base 10: '0E-8'
2025-07-16 18:35:24,660 - ERROR - Файл не найден: "C:\Users\Giovanno\Desktop\DE\Project 1\1.4\f101_export_20250716_181414.csv"
2025-07-16 18:35:28,575 - ERROR - Файл не найден: "C:\Users\Giovanno\Desktop\DE\Project 1\1.4\f101_export_20250716_181414.csv"
2025-07-16 18:35:54,335 - INFO - Начало импорта из файла: f101_export_20250716_181414.csv
2025-07-16 18:35:54,368 - ERROR - Ошибка при импорте: 'utf-8' codec can't decode byte 0xc2 in position 67: invalid continuation byte
2025-07-16 18:36:16,353 - INFO - Начало импорта из файла: f101_export_20250716_181414.csv
2025-07-16 18:36:16,395 - INFO - Импорт завершен успешно
2025-07-16 18:36:16,396 - INFO - Импортировано строк: 18
2025-07-17 12:41:46,079 - INFO - Начало экспорта данных
2025-07-17 12:41:46,127 - INFO - Экспорт завершен. Файл: f101_export_20250717_124146.csv
2025-07-17 12:41:46,127 - INFO - Выгружено строк: 18
2025-07-17 12:43:40,186 - INFO - Начало импорта из файла: f101_export_20250717_124146.csv
2025-07-17 12:43:40,233 - INFO - Импорт завершен успешно
2025-07-17 12:43:40,233 - INFO - Импортировано строк: 18
